<?xml version="1.0" encoding="UTF-8"?>
<testsuite name="test.SomeTest" time="0.001" tests="6" errors="0" skipped="0" failures="1">
  <properties>
    <property name="java.runtime.name" value="Java(TM) SE Runtime Environment"/>
    <property name="java.vm.version" value="19.0.1+10-21"/>
    <property name="sun.boot.library.path" value="C:\Program Files\Java\jdk-19\bin"/>
    <property name="maven.multiModuleProjectDirectory" value="E:\EFREI-M2\DevOps\projet_jenkins\simple-maven-with-tests"/>
    <property name="java.vm.vendor" value="Oracle Corporation"/>
    <property name="java.vendor.url" value="https://java.oracle.com/"/>
    <property name="guice.disable.misplaced.annotation.check" value="true"/>
    <property name="path.separator" value=";"/>
    <property name="java.vm.name" value="Java HotSpot(TM) 64-Bit Server VM"/>
    <property name="sun.os.patch.level" value=""/>
    <property name="user.script" value=""/>
    <property name="user.country" value="FR"/>
    <property name="sun.java.launcher" value="SUN_STANDARD"/>
    <property name="java.vm.specification.name" value="Java Virtual Machine Specification"/>
    <property name="user.dir" value="E:\EFREI-M2\DevOps\projet_jenkins\simple-maven-with-tests"/>
    <property name="java.vm.compressedOopsMode" value="32-bit"/>
    <property name="java.runtime.version" value="19.0.1+10-21"/>
    <property name="os.arch" value="amd64"/>
    <property name="java.io.tmpdir" value="C:\Users\juvet\AppData\Local\Temp\"/>
    <property name="line.separator" value="&#10;"/>
    <property name="java.vm.specification.vendor" value="Oracle Corporation"/>
    <property name="user.variant" value=""/>
    <property name="stderr.encoding" value="cp850"/>
    <property name="os.name" value="Windows 11"/>
    <property name="classworlds.conf" value="E:\EFREI-M2\DevOps\projet_jenkins\apache-maven-3.8.6\bin\m2.conf"/>
    <property name="sun.jnu.encoding" value="Cp1252"/>
    <property name="stdout.encoding" value="cp850"/>
    <property name="java.library.path" value="C:\Program Files\Java\jdk-19\bin;C:\WINDOWS\Sun\Java\bin;C:\WINDOWS\system32;C:\WINDOWS;C:\Program Files\Common Files\Oracle\Java\javapath;C:\Program Files (x86)\Microsoft SDKs\Azure\CLI2\wbin;C:\Program Files\Common Files\Oracle\Java\javapath;C:\Program Files (x86)\Microsoft SDKs\Azure\CLI2\wbin;C:\Program Files\Common Files\Oracle\Java\javapath;C:\Program Files (x86)\Microsoft SDKs\Azure\CLI2\wbin;%PATH%;C:\windows\system32;C:\Users\juvet\AppData\Local\Microsoft\WindowsApps;E:\Microsoft VS Code\bin;C:\Users\juvet\AppData\Roaming\npm;C:\windows\system32;C:\Users\juvet\AppData\Local\Microsoft\WindowsApps;E:\Microsoft VS Code\bin;C:\Users\juvet\AppData\Roaming\npm;C:\windows\system32;C:\Program Files\dotnet\;C:\Program Files\Microsoft SQL Server\Client SDK\ODBC\170\Tools\Binn\;E:\softwares\git\Git\cmd;E:\Hashi\Terraform;C:\Users\juvet\.dotnet\tools;C:\Users\juvet\AppData\Local\Programs\Python\Python37\Scripts;C:\Users\juvet\AppData\Local\Programs\Python\Python37;C:\windows\system32;C:\Users\juvet\AppData\Local\Microsoft\WindowsApps;E:\Microsoft VS Code\bin;C:\Users\juvet\AppData\Roaming\npm;C:\windows\system32;C:\Users\juvet\AppData\Local\Microsoft\WindowsApps;E:\Microsoft VS Code\bin;C:\Users\juvet\AppData\Roaming\npm;C:\windows\system32;C:\Program Files\dotnet\;C:\Program Files\Microsoft SQL Server\Client SDK\ODBC\170\Tools\Binn\;E:\softwares\git\Git\cmd;E:\Hashi\Terraform;C:\Users\juvet\.dotnet\tools;C:\Users\juvet\AppData\Local\Programs\Python\Python37\Scripts;C:\windows\system32;C:\Users\juvet\AppData\Local\Microsoft\WindowsApps;E:\Microsoft VS Code\bin;C:\Users\juvet\AppData\Roaming\npm;C:\windows\system32;C:\Users\juvet\AppData\Local\Microsoft\WindowsApps;E:\Microsoft VS Code\bin;C:\Users\juvet\AppData\Roaming\npm;C:\windows\system32;C:\Program Files\dotnet\;C:\Program Files\Microsoft SQL Server\Client SDK\ODBC\170\Tools\Binn\;E:\softwares\git\Git\cmd;E:\Hashi\Terraform;C:\minikube;C:\WINDOWS\System32\OpenSSH\;C:\Program Files\nodejs\;C:\Program Files\Docker\Docker\resources\bin;C:\Program Files\Java\jdk-19\bin;C:\Users\juvet\AppData\Local\Microsoft\WindowsApps;E:\Microsoft VS Code\bin;C:\Program Files\Docker\Docker\resources\bin;C:\ProgramData\DockerDesktop\version-bin;C:\windows\system32;C:\Users\juvet\.dotnet\tools;C:\Users\juvet\AppData\Local\Programs\Python\Python37\Scripts;C:\Users\juvet\AppData\Local\Programs\Python\Python37;C:\Users\juvet\AppData\Roaming\npm;E:\EFREI-M2\DevOps\projet_jenkins\apache-maven-3.8.6\bin;C:\Program Files\Java\jdk-19\bin;;C:\Program Files\JetBrains\IntelliJ IDEA Community Edition 2022.2.4\bin;;."/>
    <property name="maven.conf" value="E:\EFREI-M2\DevOps\projet_jenkins\apache-maven-3.8.6/conf"/>
    <property name="jdk.debug" value="release"/>
    <property name="java.class.version" value="63.0"/>
    <property name="java.specification.name" value="Java Platform API Specification"/>
    <property name="sun.management.compiler" value="HotSpot 64-Bit Tiered Compilers"/>
    <property name="os.version" value="10.0"/>
    <property name="library.jansi.path" value="E:\EFREI-M2\DevOps\projet_jenkins\apache-maven-3.8.6\lib\jansi-native"/>
    <property name="user.home" value="C:\Users\juvet"/>
    <property name="user.timezone" value="GMT+01:00"/>
    <property name="file.encoding" value="UTF-8"/>
    <property name="java.specification.version" value="19"/>
    <property name="user.name" value="juvet"/>
    <property name="java.class.path" value="E:\EFREI-M2\DevOps\projet_jenkins\apache-maven-3.8.6\boot\plexus-classworlds-2.6.0.jar"/>
    <property name="java.vm.specification.version" value="19"/>
    <property name="sun.arch.data.model" value="64"/>
    <property name="sun.java.command" value="org.codehaus.plexus.classworlds.launcher.Launcher test"/>
    <property name="java.home" value="C:\Program Files\Java\jdk-19"/>
    <property name="user.language" value="fr"/>
    <property name="java.specification.vendor" value="Oracle Corporation"/>
    <property name="java.vm.info" value="mixed mode, sharing"/>
    <property name="java.version" value="19.0.1"/>
    <property name="native.encoding" value="Cp1252"/>
    <property name="java.vendor" value="Oracle Corporation"/>
    <property name="maven.home" value="E:\EFREI-M2\DevOps\projet_jenkins\apache-maven-3.8.6"/>
    <property name="file.separator" value="\"/>
    <property name="java.version.date" value="2022-10-18"/>
    <property name="java.vendor.url.bug" value="https://bugreport.java.com/bugreport/"/>
    <property name="sun.io.unicode.encoding" value="UnicodeLittle"/>
    <property name="sun.cpu.endian" value="little"/>
    <property name="sun.cpu.isalist" value="amd64"/>
  </properties>
  <testcase name="test1" classname="test.SomeTest" time="0"/>
  <testcase name="test2" classname="test.SomeTest" time="0"/>
  <testcase name="test3" classname="test.SomeTest" time="0"/>
  <testcase name="test4" classname="test.SomeTest" time="0"/>
  <testcase name="test5" classname="test.SomeTest" time="0"/>
  <testcase name="test6" classname="test.SomeTest" time="0.001">
    <failure message="oops" type="java.lang.AssertionError">java.lang.AssertionError: oops
	at org.junit.Assert.fail(Assert.java:89)
	at test.Base.run(Base.java:35)
	at test.SomeTest.test6(SomeTest.java:52)
</failure>
  </testcase>
</testsuite>